sv-crawl.looksmart.com - - [08/May/2005:06:26:26 +1000] "GET /trainers.html HTTP/1.1" 200 4774 "-" "Mozilla/4.0 compatible ZyBorg/1.0 (wn-14.zyborg@looksmart.net; http://www.WISEnutbot.com)" 0 www.perltraining.com.au
lj2323.inktomisearch.com - - [08/May/2005:06:34:24 +1000] "GET /books/cpan.html HTTP/1.0" 304 - "-" "Mozilla/5.0 (compatible; Yahoo! Slurp; http://help.yahoo.com/help/us/ysearch/slurp)" 1 www.perltraining.com.au
sv-crawlfw3.looksmart.com - - [08/May/2005:06:51:49 +1000] "GET /books.html HTTP/1.1" 200 10242 "-" "Mozilla/4.0 compatible ZyBorg/1.0 Dead Link Checker (wn.dlc@looksmart.net; http://www.WISEnutbot.com)" 0 www.perltraining.com.au
apple.east.verizon.net - - [08/May/2005:06:54:20 +1000] "GET /bestpractice.html HTTP/1.1" 200 6669 "http://use.perl.org/~pjf/journal/24576" "Mozilla/5.0 (X11; U; Linux i686; en-US; rv:1.0.2) Gecko/20030716" 1 www.perltraining.com.au
apple.east.verizon.net - - [08/May/2005:06:54:20 +1000] "GET /pta.css HTTP/1.1" 200 2571 "http://perltraining.com.au/bestpractice.html" "Mozilla/5.0 (X11; U; Linux i686; en-US; rv:1.0.2) Gecko/20030716" 0 www.perltraining.com.au
apple.east.verizon.net - - [08/May/2005:06:54:21 +1000] "GET /images/logo.png HTTP/1.1" 200 7482 "http://perltraining.com.au/bestpractice.html" "Mozilla/5.0 (X11; U; Linux i686; en-US; rv:1.0.2) Gecko/20030716" 0 www.perltraining.com.au
apple.east.verizon.net - - [08/May/2005:06:54:21 +1000] "GET /images/valid-html401.png HTTP/1.1" 200 2948 "http://perltraining.com.au/bestpractice.html" "Mozilla/5.0 (X11; U; Linux i686; en-US; rv:1.0.2) Gecko/20030716" 0 www.perltraining.com.au
apple.east.verizon.net - - [08/May/2005:06:54:21 +1000] "GET /images/vcss.gif HTTP/1.1" 200 1547 "http://perltraining.com.au/bestpractice.html" "Mozilla/5.0 (X11; U; Linux i686; en-US; rv:1.0.2) Gecko/20030716" 0 www.perltraining.com.au
apple.east.verizon.net - - [08/May/2005:06:54:22 +1000] "GET /images/left-dust3.png HTTP/1.1" 200 1315 "http://perltraining.com.au/bestpractice.html" "Mozilla/5.0 (X11; U; Linux i686; en-US; rv:1.0.2) Gecko/20030716" 0 www.perltraining.com.au
lj2352.inktomisearch.com - - [08/May/2005:07:01:00 +1000] "GET /robots.txt HTTP/1.0" 404 204 "-" "Mozilla/5.0 (compatible; Yahoo! Slurp; http://help.yahoo.com/help/us/ysearch/slurp)" 1 www.perltraining.com.au
lj2328.inktomisearch.com - - [08/May/2005:07:01:00 +1000] "GET /perlinter.html HTTP/1.0" 304 - "-" "Mozilla/5.0 (compatible; Yahoo! Slurp; http://help.yahoo.com/help/us/ysearch/slurp)" 0 www.perltraining.com.au
banana.dsl.speakeasy.net - - [08/May/2005:08:05:55 +1000] "GET /bestpractice.html HTTP/1.1" 200 6669 "http://use.perl.org/~pjf/journal/" "Mozilla/5.0 (Windows; U; Windows NT 5.1; en-US; rv:1.7.7) Gecko/20050414 Firefox/1.0.3" 0 www.perltraining.com.au
banana.dsl.speakeasy.net - - [08/May/2005:08:05:55 +1000] "GET /favicon.ico HTTP/1.1" 200 318 "-" "Mozilla/5.0 (Windows; U; Windows NT 5.1; en-US; rv:1.7.7) Gecko/20050414 Firefox/1.0.3" 0 www.perltraining.com.au
banana.dsl.speakeasy.net - - [08/May/2005:08:05:56 +1000] "GET /pta.css HTTP/1.1" 200 2571 "http://perltraining.com.au/bestpractice.html" "Mozilla/5.0 (Windows; U; Windows NT 5.1; en-US; rv:1.7.7) Gecko/20050414 Firefox/1.0.3" 0 www.perltraining.com.au
banana.dsl.speakeasy.net - - [08/May/2005:08:05:56 +1000] "GET /images/logo.png HTTP/1.1" 200 7482 "http://perltraining.com.au/bestpractice.html" "Mozilla/5.0 (Windows; U; Windows NT 5.1; en-US; rv:1.7.7) Gecko/20050414 Firefox/1.0.3" 0 www.perltraining.com.au
banana.dsl.speakeasy.net - - [08/May/2005:08:05:56 +1000] "GET /images/left-dust3.png HTTP/1.1" 200 1315 "http://perltraining.com.au/bestpractice.html" "Mozilla/5.0 (Windows; U; Windows NT 5.1; en-US; rv:1.7.7) Gecko/20050414 Firefox/1.0.3" 0 www.perltraining.com.au
banana.dsl.speakeasy.net - - [08/May/2005:08:05:57 +1000] "GET /images/valid-html401.png HTTP/1.1" 200 2948 "http://perltraining.com.au/bestpractice.html" "Mozilla/5.0 (Windows; U; Windows NT 5.1; en-US; rv:1.7.7) Gecko/20050414 Firefox/1.0.3" 0 www.perltraining.com.au
banana.dsl.speakeasy.net - - [08/May/2005:08:05:57 +1000] "GET /images/vcss.gif HTTP/1.1" 200 1547 "http://perltraining.com.au/bestpractice.html" "Mozilla/5.0 (Windows; U; Windows NT 5.1; en-US; rv:1.7.7) Gecko/20050414 Firefox/1.0.3" 0 www.perltraining.com.au
sv-crawl.looksmart.com - - [08/May/2005:09:02:17 +1000] "GET /calendar.html HTTP/1.1" 200 5693 "-" "Mozilla/4.0 compatible ZyBorg/1.0 (wn-14.zyborg@looksmart.net; http://www.WISEnutbot.com)" 0 www.perltraining.com.au
cherry.dynamic.covad.net - - [08/May/2005:09:04:39 +1000] "GET /images/logo.png HTTP/1.1" 200 7482 "http://perltraining.com.au/courses.html" "Mozilla/5.0 (Macintosh; U; PPC Mac OS X; en-us) AppleWebKit/312.1 (KHTML, like Gecko) Safari/312" 1 www.perltraining.com.au
cherry.dynamic.covad.net - - [08/May/2005:09:04:39 +1000] "GET /images/valid-html401.png HTTP/1.1" 200 2948 "http://perltraining.com.au/courses.html" "Mozilla/5.0 (Macintosh; U; PPC Mac OS X; en-us) AppleWebKit/312.1 (KHTML, like Gecko) Safari/312" 1 www.perltraining.com.au
cherry.dynamic.covad.net - - [08/May/2005:09:04:39 +1000] "GET /images/vcss.gif HTTP/1.1" 200 1547 "http://perltraining.com.au/courses.html" "Mozilla/5.0 (Macintosh; U; PPC Mac OS X; en-us) AppleWebKit/312.1 (KHTML, like Gecko) Safari/312" 1 www.perltraining.com.au
cherry.dynamic.covad.net - - [08/May/2005:09:04:39 +1000] "GET /favicon.ico HTTP/1.1" 200 318 "-" "Mozilla/5.0 (Macintosh; U; PPC Mac OS X; en-us) AppleWebKit/312.1 (KHTML, like Gecko) Safari/312" 0 www.perltraining.com.au
cherry.dynamic.covad.net - - [08/May/2005:09:04:42 +1000] "GET /courses.html HTTP/1.1" 200 5465 "-" "Mozilla/5.0 (Macintosh; U; PPC Mac OS X; en-us) AppleWebKit/312.1 (KHTML, like Gecko) Safari/312" 5 www.perltraining.com.au
cherry.dynamic.covad.net - - [08/May/2005:09:04:42 +1000] "GET /pta.css HTTP/1.1" 200 2571 "http://perltraining.com.au/courses.html" "Mozilla/5.0 (Macintosh; U; PPC Mac OS X; en-us) AppleWebKit/312.1 (KHTML, like Gecko) Safari/312" 0 www.perltraining.com.au
cherry.dynamic.covad.net - - [08/May/2005:09:04:43 +1000] "GET /images/left-dust3.png HTTP/1.1" 200 1315 "http://perltraining.com.au/courses.html" "Mozilla/5.0 (Macintosh; U; PPC Mac OS X; en-us) AppleWebKit/312.1 (KHTML, like Gecko) Safari/312" 0 www.perltraining.com.au
durian.client.mchsi.com - - [08/May/2005:09:14:50 +1000] "GET /favicon.ico HTTP/1.1" 200 318 "-" "Mozilla/5.0 (X11; U; Linux i686; en-US; rv:1.7.2) Gecko/20040804" 0 www.perltraining.com.au
durian.client.mchsi.com - - [08/May/2005:09:14:53 +1000] "GET /tips/2004-12-09.html HTTP/1.1" 200 6034 "http://www.google.com/search?hl=en&q=perl+alphabetical+sort&btnG=Google+Search" "Mozilla/5.0 (X11; U; Linux i686; en-US; rv:1.7.2) Gecko/20040804" 4 www.perltraining.com.au
durian.client.mchsi.com - - [08/May/2005:09:14:53 +1000] "GET /pta.css HTTP/1.1" 200 2571 "http://perltraining.com.au/tips/2004-12-09.html" "Mozilla/5.0 (X11; U; Linux i686; en-US; rv:1.7.2) Gecko/20040804" 0 www.perltraining.com.au
durian.client.mchsi.com - - [08/May/2005:09:14:53 +1000] "GET /images/left-dust3.png HTTP/1.1" 200 1315 "http://perltraining.com.au/tips/2004-12-09.html" "Mozilla/5.0 (X11; U; Linux i686; en-US; rv:1.7.2) Gecko/20040804" 0 www.perltraining.com.au
durian.client.mchsi.com - - [08/May/2005:09:14:53 +1000] "GET /images/logo.png HTTP/1.1" 200 7482 "http://perltraining.com.au/tips/2004-12-09.html" "Mozilla/5.0 (X11; U; Linux i686; en-US; rv:1.7.2) Gecko/20040804" 0 www.perltraining.com.au
durian.client.mchsi.com - - [08/May/2005:09:14:53 +1000] "GET /images/valid-html401.png HTTP/1.1" 200 2948 "http://perltraining.com.au/tips/2004-12-09.html" "Mozilla/5.0 (X11; U; Linux i686; en-US; rv:1.7.2) Gecko/20040804" 0 www.perltraining.com.au
durian.client.mchsi.com - - [08/May/2005:09:14:54 +1000] "GET /images/vcss.gif HTTP/1.1" 200 1547 "http://perltraining.com.au/tips/2004-12-09.html" "Mozilla/5.0 (X11; U; Linux i686; en-US; rv:1.7.2) Gecko/20040804" 0 www.perltraining.com.au
10.1.2.3 - - [08/May/2005:09:18:09 +1000] "GET / HTTP/1.0" 304 - "-" "Mozilla/4.0 (compatible; MSIE 5.0; Windows NT; DigExt; DTS Agent" 10 www.perltraining.com.au
eggplant.router.hinet.net - - [08/May/2005:09:18:36 +1000] "GET / HTTP/1.0" 304 - "-" "Mozilla/4.0 (compatible; MSIE 5.0; Windows NT; DigExt; DTS Agent" 1 www.perltraining.com.au
feijoa.ipt.aol.com - - [08/May/2005:09:40:30 +1000] "GET /notes/perloo.pdf HTTP/1.1" 200 25511 "-" "Mozilla/4.0 (compatible; MSIE 6.0; Windows NT 5.1; SV1; .NET CLR 1.1.4322)" 10 www.perltraining.com.au
feijoa.ipt.aol.com - - [08/May/2005:09:40:53 +1000] "GET /notes/perloo.pdf HTTP/1.1" 200 35031 "-" "Mozilla/4.0 (compatible; MSIE 6.0; Windows NT 5.1; SV1; .NET CLR 1.1.4322)" 28 www.perltraining.com.au
feijoa.ipt.aol.com - - [08/May/2005:09:46:20 +1000] "GET /notes/perloo.pdf HTTP/1.1" 206 329231 "-" "Mozilla/4.0 (compatible; MSIE 6.0; Windows NT 5.1; SV1; .NET CLR 1.1.4322)" 323 www.perltraining.com.au
64.4.8.93 - - [08/May/2005:09:59:52 +1000] "GET /robots.txt HTTP/1.0" 404 204 "-" "msnbot/1.0 (+http://search.msn.com/msnbot.htm)" 0 www.perltraining.com.au
64.4.8.93 - - [08/May/2005:09:59:52 +1000] "GET /courses.html HTTP/1.0" 200 5465 "-" "msnbot/1.0 (+http://search.msn.com/msnbot.htm)" 0 www.perltraining.com.au
sv-crawl.looksmart.com - - [08/May/2005:10:14:22 +1000] "GET /mod_perl1.html HTTP/1.1" 200 4688 "-" "Mozilla/4.0 compatible ZyBorg/1.0 (wn-14.zyborg@looksmart.net; http://www.WISEnutbot.com)" 0 www.perltraining.com.au
64.4.8.93 - - [08/May/2005:10:39:44 +1000] "GET /specials.html HTTP/1.0" 200 4577 "-" "msnbot/1.0 (+http://search.msn.com/msnbot.htm)" 0 www.perltraining.com.au
rdev5.yst.corp.yahoo.com - - [08/May/2005:10:56:10 +1000] "GET /robots.txt HTTP/1.0" 404 204 "-" "Mozilla/5.0 (compatible; Yahoo! Slurp; http://help.yahoo.com/help/us/ysearch/slurp)" 0 www.perltraining.com.au
rdev5.yst.corp.yahoo.com - - [08/May/2005:10:56:11 +1000] "GET / HTTP/1.0" 200 4131 "-" "Mozilla/5.0 (compatible; Yahoo! Slurp; http://help.yahoo.com/help/us/ysearch/slurp)" 0 www.perltraining.com.au
grape.gen.twtelecom.net - - [08/May/2005:11:46:17 +1000] "GET /tips/2004-12-09.html HTTP/1.1" 200 6034 "-" "Mozilla/4.0 (compatible; MSIE 6.0; Windows NT 5.1; Q312468)" 0 www.perltraining.com.au
wfp2.almaden.ibm.com - - [08/May/2005:11:51:41 +1000] "GET /robots.txt HTTP/1.0" 404 204 "-" "http://www.almaden.ibm.com/cs/crawler   [fc4]" 5 www.perltraining.com.au
wfp2.almaden.ibm.com - - [08/May/2005:11:51:42 +1000] "GET / HTTP/1.0" 200 4131 "-" "http://www.almaden.ibm.com/cs/crawler   [fc4]" 0 www.perltraining.com.au
crawl-66-249-71-47.googlebot.com - - [08/May/2005:12:20:21 +1000] "GET /courses.html HTTP/1.0" 304 - "-" "Googlebot/2.1 (+http://www.google.com/bot.html)" 0 www.perltraining.com.au
crawl-66-249-64-50.googlebot.com - - [08/May/2005:12:22:27 +1000] "GET /robots.txt HTTP/1.0" 404 204 "-" "Googlebot/2.1 (+http://www.google.com/bot.html)" 0 www.perltraining.com.au
crawl-66-249-64-50.googlebot.com - - [08/May/2005:12:22:27 +1000] "GET / HTTP/1.0" 200 4131 "-" "Googlebot/2.1 (+http://www.google.com/bot.html)" 0 www.perltraining.com.au
crawl-66-249-64-16.googlebot.com - - [08/May/2005:12:32:38 +1000] "GET /bestpractice.html HTTP/1.0" 304 - "-" "Googlebot/2.1 (+http://www.google.com/bot.html)" 0 www.perltraining.com.au
crawl-66-249-64-27.googlebot.com - - [08/May/2005:12:42:58 +1000] "GET /bookings/Melbourne.html HTTP/1.0" 200 11357 "-" "Googlebot/2.1 (+http://www.google.com/bot.html)" 0 www.perltraining.com.au
crawl-66-249-71-50.googlebot.com - - [08/May/2005:12:43:02 +1000] "GET /books.html HTTP/1.0" 304 - "-" "Googlebot/2.1 (+http://www.google.com/bot.html)" 0 www.perltraining.com.au
crawl-66-249-64-49.googlebot.com - - [08/May/2005:12:43:02 +1000] "GET /whyperl.html HTTP/1.0" 304 - "-" "Googlebot/2.1 (+http://www.google.com/bot.html)" 0 www.perltraining.com.au
crawl-66-249-64-14.googlebot.com - - [08/May/2005:12:52:46 +1000] "GET /calendar.html HTTP/1.0" 200 5693 "-" "Googlebot/2.1 (+http://www.google.com/bot.html)" 0 www.perltraining.com.au
crawl-66-249-64-77.googlebot.com - - [08/May/2005:12:52:48 +1000] "GET /consulting.html HTTP/1.0" 304 - "-" "Googlebot/2.1 (+http://www.google.com/bot.html)" 0 www.perltraining.com.au
crawl-66-249-64-15.googlebot.com - - [08/May/2005:12:52:51 +1000] "GET /trainers.html HTTP/1.0" 304 - "-" "Googlebot/2.1 (+http://www.google.com/bot.html)" 0 www.perltraining.com.au
crawl-66-249-64-44.googlebot.com - - [08/May/2005:12:52:52 +1000] "GET /bookings/Canberra.html HTTP/1.0" 200 10765 "-" "Googlebot/2.1 (+http://www.google.com/bot.html)" 0 www.perltraining.com.au
crawl-66-249-71-53.googlebot.com - - [08/May/2005:12:52:58 +1000] "GET /corporate.html HTTP/1.0" 304 - "-" "Googlebot/2.1 (+http://www.google.com/bot.html)" 0 www.perltraining.com.au
crawl-66-249-71-50.googlebot.com - - [08/May/2005:12:53:02 +1000] "GET /introcourses.html HTTP/1.0" 304 - "-" "Googlebot/2.1 (+http://www.google.com/bot.html)" 0 www.perltraining.com.au
crawl-66-249-71-47.googlebot.com - - [08/May/2005:12:55:16 +1000] "GET / HTTP/1.0" 200 4131 "-" "Googlebot/2.1 (+http://www.google.com/bot.html)" 0 www.perltraining.com.au
habanero.cofs.net - - [08/May/2005:12:57:22 +1000] "GET /notes/perloo.pdf HTTP/1.1" 302 232 "http://www.google.com/search?hl=en&q=%22object+oriented+perl%22&btnG=Google+Search" "Mozilla/5.0 (Windows; U; Windows NT 5.1; en-US; rv:1.7.7) Gecko/20050414 Firefox/1.0.3" 5 www.perltraining.com.au
habanero.cofs.net - - [08/May/2005:12:57:22 +1000] "GET /deeplink.html HTTP/1.1" 200 2225 "http://www.google.com/search?hl=en&q=%22object+oriented+perl%22&btnG=Google+Search" "Mozilla/5.0 (Windows; U; Windows NT 5.1; en-US; rv:1.7.7) Gecko/20050414 Firefox/1.0.3" 0 www.perltraining.com.au
habanero.cofs.net - - [08/May/2005:12:57:23 +1000] "GET /favicon.ico HTTP/1.1" 200 318 "-" "Mozilla/5.0 (Windows; U; Windows NT 5.1; en-US; rv:1.7.7) Gecko/20050414 Firefox/1.0.3" 0 www.perltraining.com.au
habanero.cofs.net - - [08/May/2005:12:57:23 +1000] "GET /pta.css HTTP/1.1" 200 2571 "http://perltraining.com.au/deeplink.html" "Mozilla/5.0 (Windows; U; Windows NT 5.1; en-US; rv:1.7.7) Gecko/20050414 Firefox/1.0.3" 0 www.perltraining.com.au
habanero.cofs.net - - [08/May/2005:12:57:24 +1000] "GET /images/logo.png HTTP/1.1" 200 7482 "http://perltraining.com.au/deeplink.html" "Mozilla/5.0 (Windows; U; Windows NT 5.1; en-US; rv:1.7.7) Gecko/20050414 Firefox/1.0.3" 0 www.perltraining.com.au
habanero.cofs.net - - [08/May/2005:12:57:24 +1000] "GET /images/left-dust3.png HTTP/1.1" 200 1315 "http://perltraining.com.au/deeplink.html" "Mozilla/5.0 (Windows; U; Windows NT 5.1; en-US; rv:1.7.7) Gecko/20050414 Firefox/1.0.3" 0 www.perltraining.com.au
habanero.cofs.net - - [08/May/2005:12:57:25 +1000] "GET /images/valid-html401.png HTTP/1.1" 200 2948 "http://perltraining.com.au/deeplink.html" "Mozilla/5.0 (Windows; U; Windows NT 5.1; en-US; rv:1.7.7) Gecko/20050414 Firefox/1.0.3" 0 www.perltraining.com.au
habanero.cofs.net - - [08/May/2005:12:57:25 +1000] "GET /images/vcss.gif HTTP/1.1" 200 1547 "http://perltraining.com.au/deeplink.html" "Mozilla/5.0 (Windows; U; Windows NT 5.1; en-US; rv:1.7.7) Gecko/20050414 Firefox/1.0.3" 0 www.perltraining.com.au
habanero.cofs.net - - [08/May/2005:12:57:32 +1000] "GET /notes.html HTTP/1.1" 200 3060 "http://perltraining.com.au/deeplink.html" "Mozilla/5.0 (Windows; U; Windows NT 5.1; en-US; rv:1.7.7) Gecko/20050414 Firefox/1.0.3" 0 www.perltraining.com.au
habanero.cofs.net - - [08/May/2005:12:57:40 +1000] "GET /notes/perloo.pdf HTTP/1.1" 200 91614 "http://perltraining.com.au/notes.html" "Mozilla/5.0 (Windows; U; Windows NT 5.1; en-US; rv:1.7.7) Gecko/20050414 Firefox/1.0.3" 3 www.perltraining.com.au
habanero.cofs.net - - [08/May/2005:12:57:52 +1000] "GET /notes/perloo.pdf HTTP/1.1" 206 312876 "-" "Mozilla/5.0 (Windows; U; Windows NT 5.1; en-US; rv:1.7.7) Gecko/20050414 Firefox/1.0.3" 13 www.perltraining.com.au
habanero.cofs.net - - [08/May/2005:12:58:04 +1000] "HEAD /notes/perloo.pdf HTTP/1.1" 200 0 "-" "Mozilla/5.0 (Windows; U; Windows NT 5.1; en-US; rv:1.7.7) Gecko/20050414 Firefox/1.0.3" 0 www.perltraining.com.au
habanero.cofs.net - - [08/May/2005:12:58:18 +1000] "GET /notes/perloo.pdf HTTP/1.1" 200 350693 "http://perltraining.com.au/notes/perloo.pdf" "Mozilla/5.0 (Windows; U; Windows NT 5.1; en-US; rv:1.7.7) Gecko/20050414 Firefox/1.0.3" 12 www.perltraining.com.au
habanero.cofs.net - - [08/May/2005:13:00:22 +1000] "HEAD /notes/perlinter.pdf HTTP/1.1" 200 0 "-" "Mozilla/5.0 (Windows; U; Windows NT 5.1; en-US; rv:1.7.7) Gecko/20050414 Firefox/1.0.3" 0 www.perltraining.com.au
habanero.cofs.net - - [08/May/2005:13:00:28 +1000] "HEAD /notes/perlintro.pdf HTTP/1.1" 200 0 "-" "Mozilla/5.0 (Windows; U; Windows NT 5.1; en-US; rv:1.7.7) Gecko/20050414 Firefox/1.0.3" 0 www.perltraining.com.au
habanero.cofs.net - - [08/May/2005:13:00:36 +1000] "GET /notes/perlinter.pdf HTTP/1.1" 200 350542 "http://perltraining.com.au/notes.html" "Mozilla/5.0 (Windows; U; Windows NT 5.1; en-US; rv:1.7.7) Gecko/20050414 Firefox/1.0.3" 12 www.perltraining.com.au
habanero.cofs.net - - [08/May/2005:13:00:38 +1000] "HEAD /notes/perldbi-extract.pdf HTTP/1.1" 200 0 "-" "Mozilla/5.0 (Windows; U; Windows NT 5.1; en-US; rv:1.7.7) Gecko/20050414 Firefox/1.0.3" 0 www.perltraining.com.au
habanero.cofs.net - - [08/May/2005:13:00:48 +1000] "GET /notes/perldbi-extract.pdf HTTP/1.1" 200 189012 "http://perltraining.com.au/notes.html" "Mozilla/5.0 (Windows; U; Windows NT 5.1; en-US; rv:1.7.7) Gecko/20050414 Firefox/1.0.3" 7 www.perltraining.com.au
habanero.cofs.net - - [08/May/2005:13:00:54 +1000] "HEAD /notes/perlcgi.pdf HTTP/1.1" 200 0 "-" "Mozilla/5.0 (Windows; U; Windows NT 5.1; en-US; rv:1.7.7) Gecko/20050414 Firefox/1.0.3" 0 www.perltraining.com.au
habanero.cofs.net - - [08/May/2005:13:00:57 +1000] "GET /notes/perlintro.pdf HTTP/1.1" 200 399536 "http://perltraining.com.au/notes.html" "Mozilla/5.0 (Windows; U; Windows NT 5.1; en-US; rv:1.7.7) Gecko/20050414 Firefox/1.0.3" 24 www.perltraining.com.au
habanero.cofs.net - - [08/May/2005:13:01:00 +1000] "GET /webdev.html HTTP/1.1" 200 4221 "http://perltraining.com.au/notes.html" "Mozilla/5.0 (Windows; U; Windows NT 5.1; en-US; rv:1.7.7) Gecko/20050414 Firefox/1.0.3" 0 www.perltraining.com.au
habanero.cofs.net - - [08/May/2005:13:01:06 +1000] "GET /notes/perlcgi.pdf HTTP/1.1" 200 236809 "http://perltraining.com.au/notes.html" "Mozilla/5.0 (Windows; U; Windows NT 5.1; en-US; rv:1.7.7) Gecko/20050414 Firefox/1.0.3" 8 www.perltraining.com.au
habanero.cofs.net - - [08/May/2005:13:01:18 +1000] "GET /aooperl.html HTTP/1.1" 200 4218 "http://www.google.com/search?hl=en&q=%22object+oriented+perl%22&btnG=Google+Search" "Mozilla/5.0 (Windows; U; Windows NT 5.1; en-US; rv:1.7.7) Gecko/20050414 Firefox/1.0.3" 0 www.perltraining.com.au
10.1.2.4 - - [08/May/2005:13:06:03 +1000] "get /_vti_pvt/root.exe?/c+dir" 501 - "-" "-" 10 www.perltraining.com.au
crawl-66-249-71-55.googlebot.com - - [08/May/2005:13:07:01 +1000] "GET /perloo.html HTTP/1.0" 304 - "-" "Googlebot/2.1 (+http://www.google.com/bot.html)" 0 www.perltraining.com.au
crawl-66-249-71-42.googlebot.com - - [08/May/2005:13:07:07 +1000] "GET /perlsec.html HTTP/1.0" 304 - "-" "Googlebot/2.1 (+http://www.google.com/bot.html)" 0 www.perltraining.com.au
crawl-66-249-71-7.googlebot.com - - [08/May/2005:13:07:08 +1000] "GET /testimonials.html HTTP/1.0" 304 - "-" "Googlebot/2.1 (+http://www.google.com/bot.html)" 0 www.perltraining.com.au
crawl-66-249-71-57.googlebot.com - - [08/May/2005:13:07:10 +1000] "GET /notes.html HTTP/1.0" 304 - "-" "Googlebot/2.1 (+http://www.google.com/bot.html)" 0 www.perltraining.com.au
crawl-66-249-71-47.googlebot.com - - [08/May/2005:13:07:10 +1000] "GET /contact.html HTTP/1.0" 200 3776 "-" "Googlebot/2.1 (+http://www.google.com/bot.html)" 0 www.perltraining.com.au
crawl-66-249-64-50.googlebot.com - - [08/May/2005:13:07:12 +1000] "GET /perldbi.html HTTP/1.0" 304 - "-" "Googlebot/2.1 (+http://www.google.com/bot.html)" 0 www.perltraining.com.au
crawl-66-249-64-35.googlebot.com - - [08/May/2005:13:07:17 +1000] "GET /mailing-lists.html HTTP/1.0" 200 4916 "-" "Googlebot/2.1 (+http://www.google.com/bot.html)" 0 www.perltraining.com.au
crawl-66-249-64-44.googlebot.com - - [08/May/2005:13:07:18 +1000] "GET /bookings/All.html HTTP/1.0" 200 15939 "-" "Googlebot/2.1 (+http://www.google.com/bot.html)" 1 www.perltraining.com.au
crawl-66-249-71-15.googlebot.com - - [08/May/2005:13:07:21 +1000] "GET /perlintro.html HTTP/1.0" 304 - "-" "Googlebot/2.1 (+http://www.google.com/bot.html)" 0 www.perltraining.com.au
crawl-66-249-71-7.googlebot.com - - [08/May/2005:13:07:22 +1000] "GET /webdev.html HTTP/1.0" 304 - "-" "Googlebot/2.1 (+http://www.google.com/bot.html)" 0 www.perltraining.com.au
crawl-66-249-64-14.googlebot.com - - [08/May/2005:13:07:26 +1000] "GET /regexp.html HTTP/1.0" 304 - "-" "Googlebot/2.1 (+http://www.google.com/bot.html)" 0 www.perltraining.com.au
crawl-66-249-64-35.googlebot.com - - [08/May/2005:13:07:27 +1000] "GET /course_info.html HTTP/1.0" 304 - "-" "Googlebot/2.1 (+http://www.google.com/bot.html)" 0 www.perltraining.com.au
crawl-66-249-71-17.googlebot.com - - [08/May/2005:13:07:28 +1000] "GET /bookings.html HTTP/1.0" 304 - "-" "Googlebot/2.1 (+http://www.google.com/bot.html)" 0 www.perltraining.com.au
crawl-66-249-71-50.googlebot.com - - [08/May/2005:13:07:32 +1000] "GET /bookings/Sydney.html HTTP/1.0" 200 10303 "-" "Googlebot/2.1 (+http://www.google.com/bot.html)" 0 www.perltraining.com.au
crawl-66-249-71-55.googlebot.com - - [08/May/2005:13:07:32 +1000] "GET /perlinter.html HTTP/1.0" 304 - "-" "Googlebot/2.1 (+http://www.google.com/bot.html)" 0 www.perltraining.com.au
jackfruit.dial-up.telesp.net.br - - [08/May/2005:13:12:43 +1000] "PUT /testhost.htm HTTP/1.1" 405 241 "-" "Microsoft Data Access Internet Publishing Provider DAV 1.1" 1 www.perltraining.com.au
crawl-66-249-71-1.googlebot.com - - [08/May/2005:13:17:52 +1000] "GET /specials.html HTTP/1.0" 200 4577 "-" "Googlebot/2.1 (+http://www.google.com/bot.html)" 0 www.perltraining.com.au
crawl-66-249-64-14.googlebot.com - - [08/May/2005:13:17:58 +1000] "GET /tips/2005-04-22.html HTTP/1.0" 200 11756 "-" "Googlebot/2.1 (+http://www.google.com/bot.html)" 0 www.perltraining.com.au
crawl-66-249-64-44.googlebot.com - - [08/May/2005:13:17:59 +1000] "GET /tips/2005-04-26.html HTTP/1.0" 200 9612 "-" "Googlebot/2.1 (+http://www.google.com/bot.html)" 0 www.perltraining.com.au
crawl-66-249-71-50.googlebot.com - - [08/May/2005:13:18:02 +1000] "GET /cgi-bin/mailman/listinfo/announce-vic HTTP/1.0" 200 3662 "-" "Googlebot/2.1 (+http://www.google.com/bot.html)" 0 www.perltraining.com.au
crawl-66-249-64-6.googlebot.com - - [08/May/2005:13:26:52 +1000] "GET /tips/2005-01-18.html HTTP/1.0" 200 8276 "-" "Googlebot/2.1 (+http://www.google.com/bot.html)" 1 www.perltraining.com.au
crawl-66-249-71-42.googlebot.com - - [08/May/2005:13:27:15 +1000] "GET /cgi-bin/mailman/listinfo/announce-act HTTP/1.0" 200 3790 "-" "Googlebot/2.1 (+http://www.google.com/bot.html)" 0 www.perltraining.com.au
crawl-66-249-71-14.googlebot.com - - [08/May/2005:13:27:20 +1000] "GET /policy.html HTTP/1.0" 200 4994 "-" "Googlebot/2.1 (+http://www.google.com/bot.html)" 0 www.perltraining.com.au
crawl-66-249-71-15.googlebot.com - - [08/May/2005:13:27:29 +1000] "GET /tips/2005-04-06.html HTTP/1.0" 200 11063 "-" "Googlebot/2.1 (+http://www.google.com/bot.html)" 0 www.perltraining.com.au
crawl-66-249-64-25.googlebot.com - - [08/May/2005:13:27:55 +1000] "GET /tips/2005-02-22.html HTTP/1.0" 200 11850 "-" "Googlebot/2.1 (+http://www.google.com/bot.html)" 0 www.perltraining.com.au
sv-crawlfw3.looksmart.com - - [08/May/2005:13:32:58 +1000] "GET /books/perlgraphics.html HTTP/1.1" 200 2784 "-" "Mozilla/4.0 compatible ZyBorg/1.0 Dead Link Checker (wn.dlc@looksmart.net; http://www.WISEnutbot.com)" 0 www.perltraining.com.au
crawl-66-249-71-7.googlebot.com - - [08/May/2005:13:35:19 +1000] "GET /cgi-bin/mailman/listinfo/perl-tips HTTP/1.0" 200 3998 "-" "Googlebot/2.1 (+http://www.google.com/bot.html)" 0 www.perltraining.com.au
crawl-66-249-71-57.googlebot.com - - [08/May/2005:13:35:19 +1000] "GET /tips/2005-01-10.html HTTP/1.0" 200 8792 "-" "Googlebot/2.1 (+http://www.google.com/bot.html)" 0 www.perltraining.com.au
crawl-66-249-64-77.googlebot.com - - [08/May/2005:13:35:20 +1000] "GET /cgi-bin/mailman/listinfo/announce-nt HTTP/1.0" 200 3675 "-" "Googlebot/2.1 (+http://www.google.com/bot.html)" 0 www.perltraining.com.au
crawl-66-249-64-50.googlebot.com - - [08/May/2005:13:35:23 +1000] "GET /cgi-bin/mailman/listinfo/announce-wa HTTP/1.0" 200 3669 "-" "Googlebot/2.1 (+http://www.google.com/bot.html)" 0 www.perltraining.com.au
crawl-66-249-64-16.googlebot.com - - [08/May/2005:13:35:26 +1000] "GET /tips/2005-02-14.html HTTP/1.0" 200 8352 "-" "Googlebot/2.1 (+http://www.google.com/bot.html)" 0 www.perltraining.com.au
crawl-66-249-71-47.googlebot.com - - [08/May/2005:13:35:26 +1000] "GET /cgi-bin/mailman/listinfo/announce-sa HTTP/1.0" 200 3771 "-" "Googlebot/2.1 (+http://www.google.com/bot.html)" 0 www.perltraining.com.au
crawl-66-249-64-25.googlebot.com - - [08/May/2005:13:35:28 +1000] "GET /cgi-bin/mailman/listinfo/announce-nsw HTTP/1.0" 200 3669 "-" "Googlebot/2.1 (+http://www.google.com/bot.html)" 0 www.perltraining.com.au
crawl-66-249-71-55.googlebot.com - - [08/May/2005:13:35:28 +1000] "GET /cgi-bin/mailman/listinfo/announce-tas HTTP/1.0" 200 3664 "-" "Googlebot/2.1 (+http://www.google.com/bot.html)" 0 www.perltraining.com.au
crawl-66-249-71-42.googlebot.com - - [08/May/2005:13:35:28 +1000] "GET /tips/2004-12-09.html HTTP/1.0" 200 6034 "-" "Googlebot/2.1 (+http://www.google.com/bot.html)" 0 www.perltraining.com.au
crawl-66-249-64-36.googlebot.com - - [08/May/2005:13:35:34 +1000] "GET /tips/2005-01-31.html HTTP/1.0" 200 8152 "-" "Googlebot/2.1 (+http://www.google.com/bot.html)" 0 www.perltraining.com.au
crawl-66-249-71-1.googlebot.com - - [08/May/2005:13:35:35 +1000] "GET /tips/2005-03-21.html HTTP/1.0" 200 9560 "-" "Googlebot/2.1 (+http://www.google.com/bot.html)" 0 www.perltraining.com.au
64.4.8.93 - - [08/May/2005:13:38:04 +1000] "GET /notes.html HTTP/1.0" 200 3060 "-" "msnbot/1.0 (+http://search.msn.com/msnbot.htm)" 0 www.perltraining.com.au
64.4.8.93 - - [08/May/2005:13:38:08 +1000] "GET /robots.txt HTTP/1.0" 404 204 "-" "msnbot/1.0 (+http://search.msn.com/msnbot.htm)" 5 www.perltraining.com.au
kumquat.c3-0.lex-ubr1.sbo-lex.ma.cable.rcn.com - - [08/May/2005:13:42:24 +1000] "GET /courses.html HTTP/1.1" 200 5465 "http://use.perl.org/~pjf/journal/" "Mozilla/5.0 (X11; U; Linux i686; en-US; rv:1.7.5) Gecko/20041107 Firefox/1.0" 0 www.perltraining.com.au
kumquat.c3-0.lex-ubr1.sbo-lex.ma.cable.rcn.com - - [08/May/2005:13:42:25 +1000] "GET /pta.css HTTP/1.1" 200 2571 "http://perltraining.com.au/courses.html" "Mozilla/5.0 (X11; U; Linux i686; en-US; rv:1.7.5) Gecko/20041107 Firefox/1.0" 0 www.perltraining.com.au
kumquat.c3-0.lex-ubr1.sbo-lex.ma.cable.rcn.com - - [08/May/2005:13:42:25 +1000] "GET /favicon.ico HTTP/1.1" 200 318 "-" "Mozilla/5.0 (X11; U; Linux i686; en-US; rv:1.7.5) Gecko/20041107 Firefox/1.0" 0 www.perltraining.com.au
kumquat.c3-0.lex-ubr1.sbo-lex.ma.cable.rcn.com - - [08/May/2005:13:42:26 +1000] "GET /images/left-dust3.png HTTP/1.1" 200 1315 "http://perltraining.com.au/courses.html" "Mozilla/5.0 (X11; U; Linux i686; en-US; rv:1.7.5) Gecko/20041107 Firefox/1.0" 0 www.perltraining.com.au
kumquat.c3-0.lex-ubr1.sbo-lex.ma.cable.rcn.com - - [08/May/2005:13:42:26 +1000] "GET /images/logo.png HTTP/1.1" 200 7482 "http://perltraining.com.au/courses.html" "Mozilla/5.0 (X11; U; Linux i686; en-US; rv:1.7.5) Gecko/20041107 Firefox/1.0" 0 www.perltraining.com.au
kumquat.c3-0.lex-ubr1.sbo-lex.ma.cable.rcn.com - - [08/May/2005:13:42:26 +1000] "GET /images/valid-html401.png HTTP/1.1" 200 2948 "http://perltraining.com.au/courses.html" "Mozilla/5.0 (X11; U; Linux i686; en-US; rv:1.7.5) Gecko/20041107 Firefox/1.0" 0 www.perltraining.com.au
kumquat.c3-0.lex-ubr1.sbo-lex.ma.cable.rcn.com - - [08/May/2005:13:42:26 +1000] "GET /images/vcss.gif HTTP/1.1" 200 1547 "http://perltraining.com.au/courses.html" "Mozilla/5.0 (X11; U; Linux i686; en-US; rv:1.7.5) Gecko/20041107 Firefox/1.0" 0 www.perltraining.com.au
kumquat.c3-0.lex-ubr1.sbo-lex.ma.cable.rcn.com - - [08/May/2005:13:42:32 +1000] "GET /notes.html HTTP/1.1" 200 3060 "http://perltraining.com.au/courses.html" "Mozilla/5.0 (X11; U; Linux i686; en-US; rv:1.7.5) Gecko/20041107 Firefox/1.0" 0 www.perltraining.com.au
kumquat.c3-0.lex-ubr1.sbo-lex.ma.cable.rcn.com - - [08/May/2005:13:42:39 +1000] "GET /trainers.html HTTP/1.1" 200 4774 "http://perltraining.com.au/notes.html" "Mozilla/5.0 (X11; U; Linux i686; en-US; rv:1.7.5) Gecko/20041107 Firefox/1.0" 0 www.perltraining.com.au
kumquat.c3-0.lex-ubr1.sbo-lex.ma.cable.rcn.com - - [08/May/2005:13:42:39 +1000] "GET /images/damian-small.jpg HTTP/1.1" 200 5240 "http://perltraining.com.au/trainers.html" "Mozilla/5.0 (X11; U; Linux i686; en-US; rv:1.7.5) Gecko/20041107 Firefox/1.0" 0 www.perltraining.com.au
kumquat.c3-0.lex-ubr1.sbo-lex.ma.cable.rcn.com - - [08/May/2005:13:42:40 +1000] "GET /images/pjf-small.jpg HTTP/1.1" 200 14912 "http://perltraining.com.au/trainers.html" "Mozilla/5.0 (X11; U; Linux i686; en-US; rv:1.7.5) Gecko/20041107 Firefox/1.0" 1 www.perltraining.com.au
kumquat.c3-0.lex-ubr1.sbo-lex.ma.cable.rcn.com - - [08/May/2005:13:42:40 +1000] "GET /images/jarich-small.jpg HTTP/1.1" 200 8588 "http://perltraining.com.au/trainers.html" "Mozilla/5.0 (X11; U; Linux i686; en-US; rv:1.7.5) Gecko/20041107 Firefox/1.0" 0 www.perltraining.com.au
